26 Nov 2024 21:18:56
DJ-Laptop mondial.db QueryF1.sql TimeScriptF1.output

real	0m0.090s
user	0m0.000s
sys	0m0.000s
26 Nov 2024 21:19:05
DJ-Laptop mondial.db QueryF1.sql TimeScriptF1.output

real	0m0.078s
user	0m0.000s
sys	0m0.000s
26 Nov 2024 21:19:06
DJ-Laptop mondial.db QueryF1.sql TimeScriptF1.output

real	0m0.077s
user	0m0.000s
sys	0m0.000s
26 Nov 2024 21:19:07
DJ-Laptop mondial.db QueryF1.sql TimeScriptF1.output

real	0m0.078s
user	0m0.000s
sys	0m0.000s
26 Nov 2024 21:19:08
DJ-Laptop mondial.db QueryF1.sql TimeScriptF1.output

real	0m0.082s
user	0m0.000s
sys	0m0.000s
26 Nov 2024 21:19:09
DJ-Laptop mondial.db QueryF1.sql TimeScriptF1.output

real	0m0.085s
user	0m0.000s
sys	0m0.000s
