23 Nov 2024 16:57:58
DJ-Laptop mondial10.db QueryC1.sql TimeScriptC1.output

real	0m0.120s
user	0m0.000s
sys	0m0.000s
23 Nov 2024 16:57:59
DJ-Laptop mondial10.db QueryC1.sql TimeScriptC1.output

real	0m0.103s
user	0m0.000s
sys	0m0.000s
23 Nov 2024 16:58:00
DJ-Laptop mondial10.db QueryC1.sql TimeScriptC1.output

real	0m0.115s
user	0m0.000s
sys	0m0.000s
23 Nov 2024 16:58:01
DJ-Laptop mondial10.db QueryC1.sql TimeScriptC1.output

real	0m0.126s
user	0m0.000s
sys	0m0.015s
23 Nov 2024 16:58:03
DJ-Laptop mondial10.db QueryC1.sql TimeScriptC1.output

real	0m0.098s
user	0m0.000s
sys	0m0.000s
23 Nov 2024 16:58:04
DJ-Laptop mondial10.db QueryC1.sql TimeScriptC1.output

real	0m0.101s
user	0m0.015s
sys	0m0.015s
