23 Nov 2024 16:05:51
DJ-Laptop mondial.db QueryB1.sql TimeScriptB1.output

real	0m0.060s
user	0m0.000s
sys	0m0.000s
23 Nov 2024 16:05:53
DJ-Laptop mondial.db QueryB1.sql TimeScriptB1.output

real	0m0.055s
user	0m0.015s
sys	0m0.000s
23 Nov 2024 16:05:54
DJ-Laptop mondial.db QueryB1.sql TimeScriptB1.output

real	0m0.054s
user	0m0.000s
sys	0m0.000s
23 Nov 2024 16:05:55
DJ-Laptop mondial.db QueryB1.sql TimeScriptB1.output

real	0m0.053s
user	0m0.000s
sys	0m0.000s
23 Nov 2024 16:05:55
DJ-Laptop mondial.db QueryB1.sql TimeScriptB1.output

real	0m0.054s
user	0m0.000s
sys	0m0.015s
23 Nov 2024 16:05:56
DJ-Laptop mondial.db QueryB1.sql TimeScriptB1.output

real	0m0.054s
user	0m0.000s
sys	0m0.000s
