23 Nov 2024 17:07:17
DJ-Laptop mondial.db QueryC1.sql TimeScriptC1.output

real	0m0.167s
user	0m0.000s
sys	0m0.016s
23 Nov 2024 17:07:21
DJ-Laptop mondial.db QueryC1.sql TimeScriptC1.output

real	0m0.141s
user	0m0.000s
sys	0m0.000s
23 Nov 2024 17:07:22
DJ-Laptop mondial.db QueryC1.sql TimeScriptC1.output

real	0m0.154s
user	0m0.000s
sys	0m0.030s
23 Nov 2024 17:07:23
DJ-Laptop mondial.db QueryC1.sql TimeScriptC1.output

real	0m0.204s
user	0m0.015s
sys	0m0.015s
23 Nov 2024 17:07:25
DJ-Laptop mondial.db QueryC1.sql TimeScriptC1.output

real	0m0.142s
user	0m0.000s
sys	0m0.000s
23 Nov 2024 17:07:26
DJ-Laptop mondial.db QueryC1.sql TimeScriptC1.output

real	0m0.125s
user	0m0.000s
sys	0m0.000s
23 Nov 2024 17:07:33
DJ-Laptop mondial.db QueryC1.sql TimeScriptC1.output

real	0m0.091s
user	0m0.000s
sys	0m0.000s
