26 Nov 2024 21:19:57
DJ-Laptop mondial.db QueryF2.sql TimeScriptF2.output

real	0m0.082s
user	0m0.000s
sys	0m0.000s
26 Nov 2024 21:19:58
DJ-Laptop mondial.db QueryF2.sql TimeScriptF2.output

real	0m0.098s
user	0m0.000s
sys	0m0.015s
26 Nov 2024 21:19:59
DJ-Laptop mondial.db QueryF2.sql TimeScriptF2.output

real	0m0.081s
user	0m0.000s
sys	0m0.015s
26 Nov 2024 21:20:00
DJ-Laptop mondial.db QueryF2.sql TimeScriptF2.output

real	0m0.088s
user	0m0.000s
sys	0m0.000s
26 Nov 2024 21:20:01
DJ-Laptop mondial.db QueryF2.sql TimeScriptF2.output

real	0m0.078s
user	0m0.000s
sys	0m0.000s
26 Nov 2024 21:20:02
DJ-Laptop mondial.db QueryF2.sql TimeScriptF2.output

real	0m0.088s
user	0m0.000s
sys	0m0.000s
26 Nov 2024 21:20:04
DJ-Laptop mondial.db QueryF2.sql TimeScriptF2.output

real	0m0.081s
user	0m0.000s
sys	0m0.000s
