26 Nov 2024 16:46:33
DJ-Laptop mondial.db QueryE2.sql TimeScriptE2.output

real	0m0.082s
user	0m0.000s
sys	0m0.015s
26 Nov 2024 16:46:34
DJ-Laptop mondial.db QueryE2.sql TimeScriptE2.output

real	0m0.089s
user	0m0.000s
sys	0m0.015s
26 Nov 2024 16:46:35
DJ-Laptop mondial.db QueryE2.sql TimeScriptE2.output

real	0m0.114s
user	0m0.000s
sys	0m0.000s
26 Nov 2024 16:46:37
DJ-Laptop mondial.db QueryE2.sql TimeScriptE2.output

real	0m0.086s
user	0m0.015s
sys	0m0.000s
26 Nov 2024 16:46:38
DJ-Laptop mondial.db QueryE2.sql TimeScriptE2.output

real	0m0.087s
user	0m0.000s
sys	0m0.000s
26 Nov 2024 16:46:39
DJ-Laptop mondial.db QueryE2.sql TimeScriptE2.output

real	0m0.082s
user	0m0.000s
sys	0m0.000s
26 Nov 2024 16:46:40
DJ-Laptop mondial.db QueryE2.sql TimeScriptE2.output

real	0m0.067s
user	0m0.000s
sys	0m0.000s
