23 Nov 2024 17:07:43
DJ-Laptop mondial10.db QueryC1.sql TimeScriptC1.output

real	0m1.383s
user	0m0.000s
sys	0m0.015s
23 Nov 2024 17:07:46
DJ-Laptop mondial10.db QueryC1.sql TimeScriptC1.output

real	0m1.336s
user	0m0.000s
sys	0m0.015s
23 Nov 2024 17:07:49
DJ-Laptop mondial10.db QueryC1.sql TimeScriptC1.output

real	0m1.312s
user	0m0.000s
sys	0m0.000s
23 Nov 2024 17:07:51
DJ-Laptop mondial10.db QueryC1.sql TimeScriptC1.output

real	0m1.360s
user	0m0.000s
sys	0m0.015s
23 Nov 2024 17:07:54
DJ-Laptop mondial10.db QueryC1.sql TimeScriptC1.output

real	0m1.325s
user	0m0.000s
sys	0m0.000s
