26 Nov 2024 22:19:12
DJ-Laptop mondial.db QueryD1.sql TimeScriptD1.output

real	0m0.176s
user	0m0.000s
sys	0m0.000s
26 Nov 2024 22:19:13
DJ-Laptop mondial.db QueryD1.sql TimeScriptD1.output

real	0m0.048s
user	0m0.000s
sys	0m0.000s
26 Nov 2024 22:19:14
DJ-Laptop mondial.db QueryD1.sql TimeScriptD1.output

real	0m0.046s
user	0m0.000s
sys	0m0.000s
26 Nov 2024 22:19:15
DJ-Laptop mondial.db QueryD1.sql TimeScriptD1.output

real	0m0.046s
user	0m0.000s
sys	0m0.000s
26 Nov 2024 22:19:15
DJ-Laptop mondial.db QueryD1.sql TimeScriptD1.output

real	0m0.046s
user	0m0.000s
sys	0m0.000s
26 Nov 2024 22:19:16
DJ-Laptop mondial.db QueryD1.sql TimeScriptD1.output

real	0m0.047s
user	0m0.000s
sys	0m0.000s
