23 Nov 2024 16:06:54
DJ-Laptop mondial20.db QueryB2.sql TimeScriptB2.output

real	0m0.141s
user	0m0.000s
sys	0m0.000s
23 Nov 2024 16:06:56
DJ-Laptop mondial20.db QueryB2.sql TimeScriptB2.output

real	0m0.124s
user	0m0.000s
sys	0m0.015s
23 Nov 2024 16:06:57
DJ-Laptop mondial20.db QueryB2.sql TimeScriptB2.output

real	0m0.119s
user	0m0.000s
sys	0m0.000s
23 Nov 2024 16:06:58
DJ-Laptop mondial20.db QueryB2.sql TimeScriptB2.output

real	0m0.120s
user	0m0.000s
sys	0m0.000s
23 Nov 2024 16:06:59
DJ-Laptop mondial20.db QueryB2.sql TimeScriptB2.output

real	0m0.123s
user	0m0.000s
sys	0m0.000s
23 Nov 2024 16:07:00
DJ-Laptop mondial20.db QueryB2.sql TimeScriptB2.output

real	0m0.119s
user	0m0.015s
sys	0m0.000s
