26 Nov 2024 16:47:59
DJ-Laptop mondial10.db QueryE1.sql TimeScriptE1.output

real	0m1.286s
user	0m0.000s
sys	0m0.000s
26 Nov 2024 16:48:01
DJ-Laptop mondial10.db QueryE1.sql TimeScriptE1.output

real	0m1.180s
user	0m0.000s
sys	0m0.015s
26 Nov 2024 16:48:04
DJ-Laptop mondial10.db QueryE1.sql TimeScriptE1.output

real	0m1.162s
user	0m0.000s
sys	0m0.000s
26 Nov 2024 16:48:06
DJ-Laptop mondial10.db QueryE1.sql TimeScriptE1.output

real	0m1.195s
user	0m0.000s
sys	0m0.015s
26 Nov 2024 16:48:08
DJ-Laptop mondial10.db QueryE1.sql TimeScriptE1.output

real	0m1.234s
user	0m0.000s
sys	0m0.031s
26 Nov 2024 16:48:10
DJ-Laptop mondial10.db QueryE1.sql TimeScriptE1.output

real	0m1.222s
user	0m0.000s
sys	0m0.015s
