26 Nov 2024 16:46:16
DJ-Laptop mondial.db QueryE1.sql TimeScriptE1.output

real	0m1.409s
user	0m0.015s
sys	0m0.015s
26 Nov 2024 16:46:19
DJ-Laptop mondial.db QueryE1.sql TimeScriptE1.output

real	0m0.079s
user	0m0.000s
sys	0m0.000s
26 Nov 2024 16:46:20
DJ-Laptop mondial.db QueryE1.sql TimeScriptE1.output

real	0m0.080s
user	0m0.000s
sys	0m0.000s
26 Nov 2024 16:46:21
DJ-Laptop mondial.db QueryE1.sql TimeScriptE1.output

real	0m0.076s
user	0m0.000s
sys	0m0.000s
26 Nov 2024 16:46:22
DJ-Laptop mondial.db QueryE1.sql TimeScriptE1.output

real	0m0.084s
user	0m0.000s
sys	0m0.000s
26 Nov 2024 16:46:23
DJ-Laptop mondial.db QueryE1.sql TimeScriptE1.output

real	0m0.079s
user	0m0.000s
sys	0m0.000s
26 Nov 2024 16:46:24
DJ-Laptop mondial.db QueryE1.sql TimeScriptE1.output

real	0m0.085s
user	0m0.000s
sys	0m0.015s
