23 Nov 2024 16:57:31
DJ-Laptop mondial.db QueryC2.sql TimeScriptC2.output

real	0m0.098s
user	0m0.000s
sys	0m0.000s
23 Nov 2024 16:57:32
DJ-Laptop mondial.db QueryC2.sql TimeScriptC2.output

real	0m0.095s
user	0m0.000s
sys	0m0.000s
23 Nov 2024 16:57:33
DJ-Laptop mondial.db QueryC2.sql TimeScriptC2.output

real	0m0.099s
user	0m0.000s
sys	0m0.000s
23 Nov 2024 16:57:34
DJ-Laptop mondial.db QueryC2.sql TimeScriptC2.output

real	0m0.091s
user	0m0.000s
sys	0m0.000s
23 Nov 2024 16:57:35
DJ-Laptop mondial.db QueryC2.sql TimeScriptC2.output

real	0m0.093s
user	0m0.000s
sys	0m0.015s
23 Nov 2024 16:57:36
DJ-Laptop mondial.db QueryC2.sql TimeScriptC2.output

real	0m0.093s
user	0m0.000s
sys	0m0.000s
23 Nov 2024 16:57:40
DJ-Laptop mondial.db QueryC2.sql TimeScriptC2.output

real	0m0.159s
user	0m0.000s
sys	0m0.000s
