26 Nov 2024 22:21:16
DJ-Laptop mondial10.db QueryD2.sql TimeScriptD2.output

real	0m5.263s
user	0m0.000s
sys	0m0.000s
26 Nov 2024 22:21:22
DJ-Laptop mondial10.db QueryD2.sql TimeScriptD2.output

real	0m5.266s
user	0m0.000s
sys	0m0.000s
26 Nov 2024 22:21:28
DJ-Laptop mondial10.db QueryD2.sql TimeScriptD2.output

real	0m5.245s
user	0m0.000s
sys	0m0.000s
26 Nov 2024 22:21:34
DJ-Laptop mondial10.db QueryD2.sql TimeScriptD2.output

real	0m5.248s
user	0m0.015s
sys	0m0.015s
26 Nov 2024 22:21:41
DJ-Laptop mondial10.db QueryD2.sql TimeScriptD2.output

real	0m5.306s
user	0m0.000s
sys	0m0.000s
26 Nov 2024 22:21:47
DJ-Laptop mondial10.db QueryD2.sql TimeScriptD2.output

real	0m5.353s
user	0m0.000s
sys	0m0.000s
