19 Nov 2024 22:31:46
DJ-Laptop mondial10.db QueryA2.sql TimeScriptA2.output

real	0m0.061s
user	0m0.000s
sys	0m0.000s
19 Nov 2024 22:32:41
DJ-Laptop mondial10.db QueryA2.sql TimeScriptA2.output

real	0m0.062s
user	0m0.000s
sys	0m0.000s
19 Nov 2024 22:35:29
DJ-Laptop mondial10.db QueryA2.sql TimeScriptA2.output
Parse error near line 7: no such column: Continent.Code
  Encompasses.Country   AND Encompasses.Continent = Continent.Code   AND Encompa
                                      error here ---^

real	0m0.085s
user	0m0.000s
sys	0m0.000s
19 Nov 2024 22:35:55
DJ-Laptop mondial10.db QueryA2.sql TimeScriptA2.output

real	0m0.082s
user	0m0.000s
sys	0m0.000s
