26 Nov 2024 22:21:03
DJ-Laptop mondial10.db QueryD1.sql TimeScriptD1.output

real	0m0.082s
user	0m0.000s
sys	0m0.015s
26 Nov 2024 22:21:04
DJ-Laptop mondial10.db QueryD1.sql TimeScriptD1.output

real	0m0.059s
user	0m0.000s
sys	0m0.015s
26 Nov 2024 22:21:04
DJ-Laptop mondial10.db QueryD1.sql TimeScriptD1.output

real	0m0.061s
user	0m0.000s
sys	0m0.000s
26 Nov 2024 22:21:05
DJ-Laptop mondial10.db QueryD1.sql TimeScriptD1.output

real	0m0.059s
user	0m0.000s
sys	0m0.015s
26 Nov 2024 22:21:06
DJ-Laptop mondial10.db QueryD1.sql TimeScriptD1.output

real	0m0.061s
user	0m0.000s
sys	0m0.015s
26 Nov 2024 22:21:07
DJ-Laptop mondial10.db QueryD1.sql TimeScriptD1.output

real	0m0.059s
user	0m0.000s
sys	0m0.000s
