23 Nov 2024 17:01:37
DJ-Laptop mondial20.db QueryC2.sql TimeScriptC1.output

real	0m23.506s
user	0m0.000s
sys	0m0.015s
23 Nov 2024 17:02:02
DJ-Laptop mondial20.db QueryC2.sql TimeScriptC1.output

real	0m20.985s
user	0m0.000s
sys	0m0.015s
23 Nov 2024 17:02:24
DJ-Laptop mondial20.db QueryC2.sql TimeScriptC1.output

real	0m21.495s
user	0m0.000s
sys	0m0.015s
23 Nov 2024 17:03:01
DJ-Laptop mondial20.db QueryC2.sql TimeScriptC1.output

real	0m24.230s
user	0m0.015s
sys	0m0.015s
23 Nov 2024 17:03:34
DJ-Laptop mondial20.db QueryC2.sql TimeScriptC1.output

real	0m23.363s
user	0m0.000s
sys	0m0.000s
23 Nov 2024 17:03:59
DJ-Laptop mondial20.db QueryC2.sql TimeScriptC1.output

real	0m20.887s
user	0m0.015s
sys	0m0.000s
