23 Nov 2024 16:57:21
DJ-Laptop mondial.db QueryC1.sql TimeScriptC1.output

real	0m0.095s
user	0m0.000s
sys	0m0.000s
23 Nov 2024 16:57:23
DJ-Laptop mondial.db QueryC1.sql TimeScriptC1.output

real	0m0.067s
user	0m0.000s
sys	0m0.000s
23 Nov 2024 16:57:24
DJ-Laptop mondial.db QueryC1.sql TimeScriptC1.output

real	0m0.068s
user	0m0.000s
sys	0m0.030s
23 Nov 2024 16:57:25
DJ-Laptop mondial.db QueryC1.sql TimeScriptC1.output

real	0m0.070s
user	0m0.000s
sys	0m0.015s
23 Nov 2024 16:57:26
DJ-Laptop mondial.db QueryC1.sql TimeScriptC1.output

real	0m0.067s
user	0m0.000s
sys	0m0.015s
23 Nov 2024 16:57:27
DJ-Laptop mondial.db QueryC1.sql TimeScriptC1.output

real	0m0.072s
user	0m0.000s
sys	0m0.000s
