26 Nov 2024 16:48:20
DJ-Laptop mondial10.db QueryE2.sql TimeScriptE2.output

real	0m10.260s
user	0m0.000s
sys	0m0.015s
26 Nov 2024 16:48:31
DJ-Laptop mondial10.db QueryE2.sql TimeScriptE2.output

real	0m7.543s
user	0m0.000s
sys	0m0.015s
26 Nov 2024 16:48:40
DJ-Laptop mondial10.db QueryE2.sql TimeScriptE2.output

real	0m7.161s
user	0m0.015s
sys	0m0.000s
26 Nov 2024 16:48:48
DJ-Laptop mondial10.db QueryE2.sql TimeScriptE2.output

real	0m7.088s
user	0m0.000s
sys	0m0.016s
26 Nov 2024 16:48:56
DJ-Laptop mondial10.db QueryE2.sql TimeScriptE2.output

real	0m7.102s
user	0m0.000s
sys	0m0.000s
26 Nov 2024 16:49:04
DJ-Laptop mondial10.db QueryE2.sql TimeScriptE2.output

real	0m7.095s
user	0m0.000s
sys	0m0.015s
