26 Nov 2024 21:21:21
DJ-Laptop mondial10.db QueryF2.sql TimeScriptF2.output

real	0m5.903s
user	0m0.000s
sys	0m0.015s
26 Nov 2024 21:21:28
DJ-Laptop mondial10.db QueryF2.sql TimeScriptF2.output

real	0m4.708s
user	0m0.000s
sys	0m0.016s
26 Nov 2024 21:21:34
DJ-Laptop mondial10.db QueryF2.sql TimeScriptF2.output

real	0m5.016s
user	0m0.000s
sys	0m0.000s
26 Nov 2024 21:21:41
DJ-Laptop mondial10.db QueryF2.sql TimeScriptF2.output

real	0m3.584s
user	0m0.000s
sys	0m0.000s
26 Nov 2024 21:21:46
DJ-Laptop mondial10.db QueryF2.sql TimeScriptF2.output

real	0m3.582s
user	0m0.000s
sys	0m0.000s
26 Nov 2024 21:21:50
DJ-Laptop mondial10.db QueryF2.sql TimeScriptF2.output

real	0m3.817s
user	0m0.000s
sys	0m0.015s
