23 Nov 2024 16:58:12
DJ-Laptop mondial10.db QueryC2.sql TimeScriptC1.output

real	0m6.063s
user	0m0.000s
sys	0m0.000s
23 Nov 2024 16:58:19
DJ-Laptop mondial10.db QueryC2.sql TimeScriptC1.output

real	0m3.681s
user	0m0.000s
sys	0m0.016s
23 Nov 2024 16:58:24
DJ-Laptop mondial10.db QueryC2.sql TimeScriptC1.output

real	0m3.677s
user	0m0.000s
sys	0m0.000s
23 Nov 2024 16:58:28
DJ-Laptop mondial10.db QueryC2.sql TimeScriptC1.output

real	0m4.438s
user	0m0.015s
sys	0m0.000s
23 Nov 2024 16:58:34
DJ-Laptop mondial10.db QueryC2.sql TimeScriptC1.output

real	0m3.586s
user	0m0.000s
sys	0m0.000s
23 Nov 2024 16:58:39
DJ-Laptop mondial10.db QueryC2.sql TimeScriptC1.output

real	0m3.626s
user	0m0.000s
sys	0m0.000s
