23 Nov 2024 16:06:36
DJ-Laptop mondial10.db QueryB2.sql TimeScriptB2.output

real	0m0.067s
user	0m0.000s
sys	0m0.000s
23 Nov 2024 16:06:37
DJ-Laptop mondial10.db QueryB2.sql TimeScriptB2.output

real	0m0.067s
user	0m0.000s
sys	0m0.000s
23 Nov 2024 16:06:38
DJ-Laptop mondial10.db QueryB2.sql TimeScriptB2.output

real	0m0.065s
user	0m0.000s
sys	0m0.000s
23 Nov 2024 16:06:39
DJ-Laptop mondial10.db QueryB2.sql TimeScriptB2.output

real	0m0.067s
user	0m0.000s
sys	0m0.000s
23 Nov 2024 16:06:40
DJ-Laptop mondial10.db QueryB2.sql TimeScriptB2.output

real	0m0.067s
user	0m0.000s
sys	0m0.000s
23 Nov 2024 16:06:41
DJ-Laptop mondial10.db QueryB2.sql TimeScriptB2.output

real	0m0.065s
user	0m0.000s
sys	0m0.000s
