23 Nov 2024 16:05:29
DJ-Laptop mondial.db QueryB2.sql TimeScriptB2.output

real	0m0.048s
user	0m0.000s
sys	0m0.015s
23 Nov 2024 16:05:31
DJ-Laptop mondial.db QueryB2.sql TimeScriptB2.output

real	0m0.047s
user	0m0.000s
sys	0m0.000s
23 Nov 2024 16:05:32
DJ-Laptop mondial.db QueryB2.sql TimeScriptB2.output

real	0m0.047s
user	0m0.000s
sys	0m0.000s
23 Nov 2024 16:05:33
DJ-Laptop mondial.db QueryB2.sql TimeScriptB2.output

real	0m0.046s
user	0m0.000s
sys	0m0.000s
23 Nov 2024 16:05:34
DJ-Laptop mondial.db QueryB2.sql TimeScriptB2.output

real	0m0.046s
user	0m0.000s
sys	0m0.000s
23 Nov 2024 16:05:34
DJ-Laptop mondial.db QueryB2.sql TimeScriptB2.output

real	0m0.046s
user	0m0.000s
sys	0m0.000s
