23 Nov 2024 16:06:10
DJ-Laptop mondial10.db QueryB1.sql TimeScriptB1.output

real	0m0.817s
user	0m0.000s
sys	0m0.000s
23 Nov 2024 16:06:12
DJ-Laptop mondial10.db QueryB1.sql TimeScriptB1.output

real	0m0.806s
user	0m0.000s
sys	0m0.000s
23 Nov 2024 16:06:13
DJ-Laptop mondial10.db QueryB1.sql TimeScriptB1.output

real	0m0.805s
user	0m0.000s
sys	0m0.000s
23 Nov 2024 16:06:15
DJ-Laptop mondial10.db QueryB1.sql TimeScriptB1.output

real	0m0.800s
user	0m0.000s
sys	0m0.016s
23 Nov 2024 16:06:17
DJ-Laptop mondial10.db QueryB1.sql TimeScriptB1.output

real	0m0.800s
user	0m0.000s
sys	0m0.015s
23 Nov 2024 16:06:18
DJ-Laptop mondial10.db QueryB1.sql TimeScriptB1.output

real	0m0.814s
user	0m0.000s
sys	0m0.000s
