23 Nov 2024 17:08:07
DJ-Laptop mondial20.db QueryC1.sql TimeScriptC1.output

real	0m5.083s
user	0m0.000s
sys	0m0.000s
23 Nov 2024 17:08:14
DJ-Laptop mondial20.db QueryC1.sql TimeScriptC1.output

real	0m4.836s
user	0m0.015s
sys	0m0.000s
23 Nov 2024 17:08:20
DJ-Laptop mondial20.db QueryC1.sql TimeScriptC1.output

real	0m3.085s
user	0m0.000s
sys	0m0.000s
23 Nov 2024 17:08:24
DJ-Laptop mondial20.db QueryC1.sql TimeScriptC1.output

real	0m4.292s
user	0m0.000s
sys	0m0.031s
23 Nov 2024 17:08:30
DJ-Laptop mondial20.db QueryC1.sql TimeScriptC1.output

real	0m3.463s
user	0m0.000s
sys	0m0.000s
23 Nov 2024 17:08:35
DJ-Laptop mondial20.db QueryC1.sql TimeScriptC1.output

real	0m4.775s
user	0m0.015s
sys	0m0.000s
