23 Nov 2024 17:01:18
DJ-Laptop mondial20.db QueryC1.sql TimeScriptC1.output

real	0m0.178s
user	0m0.015s
sys	0m0.000s
23 Nov 2024 17:01:19
DJ-Laptop mondial20.db QueryC1.sql TimeScriptC1.output

real	0m0.145s
user	0m0.000s
sys	0m0.000s
23 Nov 2024 17:01:20
DJ-Laptop mondial20.db QueryC1.sql TimeScriptC1.output

real	0m0.141s
user	0m0.015s
sys	0m0.015s
23 Nov 2024 17:01:22
DJ-Laptop mondial20.db QueryC1.sql TimeScriptC1.output

real	0m0.135s
user	0m0.000s
sys	0m0.000s
23 Nov 2024 17:01:23
DJ-Laptop mondial20.db QueryC1.sql TimeScriptC1.output

real	0m0.146s
user	0m0.000s
sys	0m0.000s
23 Nov 2024 17:01:24
DJ-Laptop mondial20.db QueryC1.sql TimeScriptC1.output

real	0m0.141s
user	0m0.000s
sys	0m0.015s
