26 Nov 2024 21:21:03
DJ-Laptop mondial10.db QueryF1.sql TimeScriptF1.output

real	0m0.115s
user	0m0.000s
sys	0m0.000s
26 Nov 2024 21:21:06
DJ-Laptop mondial10.db QueryF1.sql TimeScriptF1.output

real	0m0.085s
user	0m0.000s
sys	0m0.000s
26 Nov 2024 21:21:07
DJ-Laptop mondial10.db QueryF1.sql TimeScriptF1.output

real	0m0.088s
user	0m0.000s
sys	0m0.015s
26 Nov 2024 21:21:08
DJ-Laptop mondial10.db QueryF1.sql TimeScriptF1.output

real	0m0.084s
user	0m0.000s
sys	0m0.015s
26 Nov 2024 21:21:09
DJ-Laptop mondial10.db QueryF1.sql TimeScriptF1.output

real	0m0.085s
user	0m0.000s
sys	0m0.015s
26 Nov 2024 21:21:10
DJ-Laptop mondial10.db QueryF1.sql TimeScriptF1.output

real	0m0.093s
user	0m0.000s
sys	0m0.000s
