23 Nov 2024 16:07:17
DJ-Laptop mondial20.db QueryB1.sql TimeScriptB1.output

real	0m3.079s
user	0m0.000s
sys	0m0.015s
23 Nov 2024 16:07:21
DJ-Laptop mondial20.db QueryB1.sql TimeScriptB1.output

real	0m3.098s
user	0m0.000s
sys	0m0.030s
23 Nov 2024 16:07:25
DJ-Laptop mondial20.db QueryB1.sql TimeScriptB1.output

real	0m3.077s
user	0m0.000s
sys	0m0.031s
23 Nov 2024 16:07:29
DJ-Laptop mondial20.db QueryB1.sql TimeScriptB1.output

real	0m3.064s
user	0m0.000s
sys	0m0.015s
23 Nov 2024 16:07:34
DJ-Laptop mondial20.db QueryB1.sql TimeScriptB1.output

real	0m3.105s
user	0m0.000s
sys	0m0.000s
23 Nov 2024 16:07:51
DJ-Laptop mondial20.db QueryB1.sql TimeScriptB1.output

real	0m3.112s
user	0m0.000s
sys	0m0.000s
