26 Nov 2024 22:19:31
DJ-Laptop mondial.db QueryD2.sql TimeScriptD2.output

real	0m0.049s
user	0m0.000s
sys	0m0.000s
26 Nov 2024 22:19:32
DJ-Laptop mondial.db QueryD2.sql TimeScriptD2.output

real	0m0.050s
user	0m0.000s
sys	0m0.000s
26 Nov 2024 22:19:33
DJ-Laptop mondial.db QueryD2.sql TimeScriptD2.output

real	0m0.047s
user	0m0.000s
sys	0m0.000s
26 Nov 2024 22:19:33
DJ-Laptop mondial.db QueryD2.sql TimeScriptD2.output

real	0m0.049s
user	0m0.000s
sys	0m0.016s
26 Nov 2024 22:19:34
DJ-Laptop mondial.db QueryD2.sql TimeScriptD2.output

real	0m0.048s
user	0m0.000s
sys	0m0.000s
26 Nov 2024 22:19:35
DJ-Laptop mondial.db QueryD2.sql TimeScriptD2.output

real	0m0.047s
user	0m0.000s
sys	0m0.000s
