\project_{Name}(Lake)
\union
\project_{Name}(River)
\union
\project_{Name}(Sea);
Output schema: (Name text)
-----
Aare
Adda
Akagera
Allegheny River
Aller
Alz
Amazonas
Ammer
Ammersee
Amudarja
Amur
Andaman Sea
Angara
Arabian Sea
Arctic Ocean
Argun
Arkansas
Arno
Arresoe
Aruwimi
Asahan
Atbara
Atlantic Ocean
Atlin Lake
Bahr el-Djebel/Albert-Nil
Bahr el-Ghasal
Balaton
Baltic Sea
Banda Sea
Bani
Barents Sea
Baro
Barrage de Mbakaou
Bartang
Benue
Bering Sea
Black Drin
Black Sea
Blue Nile
Bodensee
Bomu
Brahmaputra
Breg
Brienzersee
Brigach
Busira
Caribbean Sea
Caspian Sea
Chad Lake
Chatanga
Chew Bahir
Chickamauga Lake
Chiemsee
Chire
Colorado
Columbia River
Connecticut River
Crater Lake
Cuango
Cuilo
Dalaelv
Darling River
Daryacheh ye Namak
Dead Sea
Detroit River
Dnepr
Dnister
Dnjestr
Don
Donau
Doubs
Douro
Drau
Drin
East China Sea
East Sibirian Sea
Ebro
Elbe
Enns
Etoscha Salt Pan
Etsch
Eucumbene River
Euphrat
Fimi
Fort Peck Lake
Franklin. D. Roosevelt Lake
Fulda
Gambia
Ganges
Garonne
Glomma
Goetaaelv
Great Bear Lake
Great Salt Lake
Great Slave Lake
Greenland Sea
Guadalquivir
Guadiana
Gulf of Aden
Gulf of Bengal
Gulf of Mexico
Gulf of Oman
Hamun e Jaz Murian
Hudson Bay
Hudson River
Hwangho
Ili
Iller
Inari
Indian Ocean
Indus
Inn
Irawaddy
Irish Sea
Irtysch
Isar
Ischim
Isere
Issyk-Kul
Jangtse
Java Sea
Jenissej
Joekulsa a Fjoellum
Jordan
Jubba
Kakhovka Reservoir
Kallavesi
Kama
Kara Sea
Karasu
Karun
Kasai
Kattegat
Katun
Kemijoki
Kentucky Lake
Kiev Reservoir
Klaraelv
Kokemaeenjoki
Koli Sarez
Kolyma
Kremenchuk Reservoir
Kura
Kuybyshev Reservoir
Kwa
Kymijoki
Laacher Maar
Labrador Sea
Lac Assal
Lac Leman
Lagen
Lago Maggiore
Lago Trasimeno
Lago de Chapala
Lago de Sobradinho
Lago di Bolsena
Lago di Bracciano
Lago di Como
Lago di Garda 
Laguna Mar Chiquita
Laguna de Bay
Laguna de Gallocanta
Lake Abaya
Lake Abbe
Lake Bangweulu
Lake Bosumtwi
Lake Burley Griffin
Lake Cabora-Bassa
Lake Champlain
Lake Chilwa
Lake Erie
Lake Eucumbene
Lake Eyasi
Lake Eyre
Lake Genezareth
Lake Hume
Lake Huron
Lake Irazu
Lake Jindabyne
Lake Kainji
Lake Kariba
Lake Keban
Lake Kioga
Lake Kivu
Lake Mai Ndombe
Lake Malawi
Lake Managua
Lake Manicouagan
Lake Manitou
Lake Maracaibo
Lake Mead
Lake Michigan
Lake Mweru
Lake Nasser
Lake Natron
Lake Ngami
Lake Nicaragua
Lake Nipigon
Lake Nyos
Lake Oahe
Lake Ohrid
Lake Okeechobee
Lake Ontario
Lake Powell
Lake Prespa
Lake Rukwa
Lake Sakakawea
Lake Sese Seko/Albertsee
Lake Skutari
Lake Superior
Lake Tahoe
Lake Tana
Lake Tanganjika
Lake Titicaca
Lake Toba
Lake Turkana
Lake Urmia
Lake Van
Lake Victoria
Lake Volta
Lake Winnipeg
Lake Winnipesaukee
Lech
Leine
Lena
Licancabur Crater Lake
Limmat
Limpopo
Loch Lomond
Loch Ness
Loire
Lomami
Lop Nor
Lualaba
Luapula
Lukenie
Lukuga
Lulua
Luvua
Maas
Mackenzie River
Maelaren
Main
Makarikari Salt Pan
Malakka Strait
Malebo Pool
Manicouagan
March
Marmara Sea
Marne
Mediterranean Sea
Mekong
Merrimack River
Mincio
Mississippi
Missouri
Mjoesa-See
Moldau
Morava
Mosel
Mur
Murat
Murgab
Murray River
Murrumbidgee River
Nam Co
Narew
Narva
Naryn
Neckar
Nelson River
Neusiedlersee
Newa
Niagara River
Niger
Nile
North Sea
Northern Dwina
Norwegian Sea
Ob
Oder
Oesterdalaelv
Ohio River
Oka
Okavango
Olt
Oranje
Orinoco
Oulujaervi
Oulujoki
Ounasjoki
Ozero Aral
Ozero Baikal
Ozero Balchash
Ozero Chanka
Ozero Ladoga
Ozero Onega
Ozero Pskovskoje
Ozero Taimyr
Ozero Tschany
Paatsjoki
Pacific Ocean
Paeijaenne
Paraguay
Parana
Persian Gulf
Petschora
Pibor
Pjandsh
Po
Poopo
Pruth
Prypjat
Pyramid Lake
Qinghai Lake
Raab
Red Sea
Reuss
Rhein
Rhone
Rio Desaguadero
Rio Grande
Rio Lerma
Rio Madeira
Rio Magdalena
Rio Mamore
Rio Negro
Rio San Juan
Rio Sao Francisco
Riviere Richelieu
Ruki
Rutanzige/Eduardsee
Ruzizi
Saar
Saimaa
Saint Lawrence River
Salar de Uyuni
Saluen
Salzach
Sanaga
Sanga
Saone
Saskatchewan River
Save
Schari
Schatt al Arab
Schilka
Sea of Azov
Sea of Japan
Sea of Okhotsk
Segara Anak
Seine
Selenge
Semliki
Senegal
Shabelle
Siljan
Skagerrak
Snowy River
Sobat
South China Sea
Southern Morava
Starnberger See
Storuman
Suchona
Sulawesi Sea
Sulu Sea
Swir
Syrdarja
Tajo
Tarim-Yarkend
Tennessee
Thames
The Channel
Theiss
Thjorsa
Thunersee
Tiber
Ticino
Tigris
Tobol
Tocantins
Truckee River
Tshuapa
Ubangi
Uelle
Umeaelv
Ural
Uruguay
Vaal
Vaenern
Vaesterdalaelv
Vaettern
Victoria Nile
Vierwaldstattersee
Volga
Volta
Vuoksi
Waag
Weichsel
Werra
Weser
Western Bug
Western Dwina
Western Morava
White Drin
White Nile
Würm
Yellow Sea
Yukon River
Zaire
Zambezi
Zurichsee
-----
Total number of rows: 413

ÿBye!

